<?xml version="1.0" encoding="UTF-8"?>
<!-- Generated by org.testng.reporters.JUnitReportReporter -->
<testsuite hostname="NTH95-20230619Y" failures="0" tests="5" name="com.api.auto.testcase.TC_API_CreateWork" time="0.187" errors="0" timestamp="2024-08-01T14:24:12 ICT" skipped="0">
  <testcase classname="com.api.auto.testcase.TC_API_CreateWork" name="Tc01_Validate201Created" time="0.007"/>
  <testcase classname="com.api.auto.testcase.TC_API_CreateWork" name="Tc02_ValidateWorkId" time="0.012"/>
  <testcase classname="com.api.auto.testcase.TC_API_CreateWork" name="Tc03_ValidateNameOfWorkMatched" time="0.066"/>
  <testcase classname="com.api.auto.testcase.TC_API_CreateWork" name="Tc04_ValidateExperienceMatched" time="0.054"/>
  <testcase classname="com.api.auto.testcase.TC_API_CreateWork" name="Tc05_ValidateEducationMatched" time="0.048"/>
</testsuite> <!-- com.api.auto.testcase.TC_API_CreateWork -->
