<?xml version="1.0" encoding="UTF-8"?>
<!-- Generated by org.testng.reporters.JUnitReportReporter -->
<testsuite hostname="NTH95-20230619Y" failures="0" tests="7" name="com.api.auto.testcase.TC_API_Login" time="1.377" errors="0" timestamp="2024-08-01T14:24:12 ICT" skipped="0">
  <testcase classname="com.api.auto.testcase.TC_API_Login" name="T01_Validate200_OK" time="0.025"/>
  <testcase classname="com.api.auto.testcase.TC_API_Login" name="T02_ValidateMessage" time="1.209"/>
  <testcase classname="com.api.auto.testcase.TC_API_Login" name="T03_ValidateToken" time="0.052"/>
  <testcase classname="com.api.auto.testcase.TC_API_Login" name="T04_ValidateUserType" time="0.030"/>
  <testcase classname="com.api.auto.testcase.TC_API_Login" name="T05_ValidateAccount" time="0.029"/>
  <testcase classname="com.api.auto.testcase.TC_API_Login" name="T06_ValidatePassword" time="0.028"/>
  <testcase classname="com.api.auto.testcase.TC_API_Login" name="T07_validateAbc" time="0.004"/>
</testsuite> <!-- com.api.auto.testcase.TC_API_Login -->
